<?xml version="1.0" encoding="UTF-8"?>
<!-- Generated by org.testng.reporters.JUnitXMLReporter -->
<testsuite ignored="2" hostname="LAPTOP-T3POTC88" failures="0" tests="0" time="0.012" errors="0" timestamp="2024-11-27T23:37:44 IST">
  <testcase classname="FrameWorkSelenium.test.StandaloneDesign2PageObject" name="OrderHistoryTest" time="0.0">
    <ignored/>
  </testcase> <!-- OrderHistoryTest -->
  <testcase classname="FrameWorkSelenium.test.StandaloneDesign2PageObject" name="submitOrder" time="0.0">
    <ignored/>
  </testcase> <!-- submitOrder -->
</testsuite>
